<?xml version="1.0" encoding="UTF-8"?>
<beans 
	xmlns="http://www.springframework.org/schema/beans" 
	xmlns:p="http://www.springframework.org/schema/p"
	xmlns:context="http://www.springframework.org/schema/context"
	xmlns:tx="http://www.springframework.org/schema/tx" 
	xmlns:jdbc="http://www.springframework.org/schema/jdbc"
	xmlns:batch="http://www.springframework.org/schema/batch"
	xmlns:task="http://www.springframework.org/schema/task" xmlns:xsi="http://www.w3.org/2001/XMLSchema-instance"
	xmlns:util="http://www.springframework.org/schema/util" xmlns:orcl="http://www.springframework.org/schema/data/orcl"
	xsi:schemaLocation="
	http://www.springframework.org/schema/beans 
	http://www.springframework.org/schema/beans/spring-beans-3.2.xsd
	http://www.springframework.org/schema/context
	http://www.springframework.org/schema/context/spring-context-3.2.xsd
	http://www.springframework.org/schema/tx
		http://www.springframework.org/schema/tx/spring-tx.xsd
		
	http://www.springframework.org/schema/jdbc
	http://www.springframework.org/schema/jdbc/spring-jdbc-3.2.xsd
	http://www.springframework.org/schema/batch
	http://www.springframework.org/schema/batch/spring-batch-3.0.xsd
	
	http://www.springframework.org/schema/task
        http://www.springframework.org/schema/task/spring-task-3.2.xsd
	 http://www.springframework.org/schema/util 
	 http://www.springframework.org/schema/util/spring-util-3.1.xsd
	 http://www.springframework.org/schema/data/orcl
       http://www.springframework.org/schema/data/orcl/spring-data-orcl-1.0.xsd">
	<import resource="app-config.xml"/>
 
    <util:properties id="applicationProperties" location="classpath:conf/testApplication.properties"/>
    <context:annotation-config />
    <context:component-scan base-package="com.emea" />

	<context:property-placeholder
		properties-ref="applicationProperties" />
   
   <bean id="dataSource"
		class="org.springframework.jdbc.datasource.DriverManagerDataSource"
		primary="true">
		<property name="driverClassName" value="org.h2.Driver" />
		<property name="url" value="jdbc:h2:tcp://localhost:9990/mem:userfile;MODE=Oracle;DB_CLOSE_ON_EXIT=FALSE;" />
		<property name="username" value="sa" />
		<property name="password" value="" />
	</bean>
	
	<bean id="jdbcTemplate" class="org.springframework.jdbc.core.JdbcTemplate">
		<property name="dataSource" ref="dataSource" />
	</bean>


</beans>